
  .   ____          _            __ _ _
 /\\ / ___'_ __ _ _(_)_ __  __ _ \ \ \ \
( ( )\___ | '_ | '_| | '_ \/ _` | \ \ \ \
 \\/  ___)| |_)| | | | | || (_| |  ) ) ) )
  '  |____| .__|_| |_|_| |_\__, | / / / /
 =========|_|==============|___/=/_/_/_/

 :: Spring Boot ::                (v4.0.6)

2026-06-30T00:17:05.077-04:00  INFO 212077 --- [libro] [           main] venta.libro.LibroApplication             : Starting LibroApplication v0.0.1-SNAPSHOT using Java 21.0.9 with PID 212077 (/home/benja/workstuff/libreriaDesarrollo/intento2/venta_libro/libro/target/libro-0.0.1-SNAPSHOT.jar started by benja in /home/benja/workstuff/libreriaDesarrollo/intento2/venta_libro/libro)
2026-06-30T00:17:05.082-04:00  INFO 212077 --- [libro] [           main] venta.libro.LibroApplication             : No active profile set, falling back to 1 default profile: "default"
2026-06-30T00:17:06.229-04:00  INFO 212077 --- [libro] [           main] .s.d.r.c.RepositoryConfigurationDelegate : Bootstrapping Spring Data JPA repositories in DEFAULT mode.
2026-06-30T00:17:06.295-04:00  INFO 212077 --- [libro] [           main] .s.d.r.c.RepositoryConfigurationDelegate : Finished Spring Data repository scanning in 58 ms. Found 3 JPA repository interfaces.
2026-06-30T00:17:06.985-04:00  INFO 212077 --- [libro] [           main] o.s.boot.tomcat.TomcatWebServer          : Tomcat initialized with port 8087 (http)
2026-06-30T00:17:07.000-04:00  INFO 212077 --- [libro] [           main] o.apache.catalina.core.StandardService   : Starting service [Tomcat]
2026-06-30T00:17:07.001-04:00  INFO 212077 --- [libro] [           main] o.apache.catalina.core.StandardEngine    : Starting Servlet engine: [Apache Tomcat/11.0.21]
2026-06-30T00:17:07.031-04:00  INFO 212077 --- [libro] [           main] b.w.c.s.WebApplicationContextInitializer : Root WebApplicationContext: initialization completed in 1889 ms
2026-06-30T00:17:07.366-04:00  INFO 212077 --- [libro] [           main] org.hibernate.orm.jpa                    : HHH008540: Processing PersistenceUnitInfo [name: default]
2026-06-30T00:17:07.438-04:00  INFO 212077 --- [libro] [           main] org.hibernate.orm.core                   : HHH000001: Hibernate ORM core version 7.2.12.Final
2026-06-30T00:17:07.934-04:00  INFO 212077 --- [libro] [           main] o.s.o.j.p.SpringPersistenceUnitInfo      : No LoadTimeWeaver setup: ignoring JPA class transformer
2026-06-30T00:17:07.964-04:00  INFO 212077 --- [libro] [           main] com.zaxxer.hikari.HikariDataSource       : HikariPool-1 - Starting...
2026-06-30T00:17:08.347-04:00  INFO 212077 --- [libro] [           main] com.zaxxer.hikari.pool.HikariPool        : HikariPool-1 - Added connection com.mysql.cj.jdbc.ConnectionImpl@6549ce71
2026-06-30T00:17:08.349-04:00  INFO 212077 --- [libro] [           main] com.zaxxer.hikari.HikariDataSource       : HikariPool-1 - Start completed.
2026-06-30T00:17:08.409-04:00  WARN 212077 --- [libro] [           main] org.hibernate.orm.deprecation            : HHH90000025: MySQLDialect does not need to be specified explicitly using 'hibernate.dialect' (remove the property setting and it will be selected by default)
2026-06-30T00:17:08.427-04:00  INFO 212077 --- [libro] [           main] org.hibernate.orm.connections.pooling    : HHH10001005: Database info:
	Database JDBC URL [jdbc:mysql://localhost:3306/ventas]
	Database driver: MySQL Connector/J
	Database dialect: MySQLDialect
	Database version: 8.0.45
	Default catalog/schema: ventas/undefined
	Autocommit mode: undefined/unknown
	Isolation level: REPEATABLE_READ [default REPEATABLE_READ]
	JDBC fetch size: none
	Pool: DataSourceConnectionProvider
	Minimum pool size: undefined/unknown
	Maximum pool size: undefined/unknown
2026-06-30T00:17:09.293-04:00  INFO 212077 --- [libro] [           main] org.hibernate.orm.core                   : HHH000489: No JTA platform available (set 'hibernate.transaction.jta.platform' to enable JTA platform integration)
2026-06-30T00:17:09.364-04:00  INFO 212077 --- [libro] [           main] j.LocalContainerEntityManagerFactoryBean : Initialized JPA EntityManagerFactory for persistence unit 'default'
2026-06-30T00:17:09.440-04:00  INFO 212077 --- [libro] [           main] o.s.d.j.r.query.QueryEnhancerFactories   : Hibernate is in classpath; If applicable, HQL parser will be used.
2026-06-30T00:17:09.801-04:00  WARN 212077 --- [libro] [           main] JpaBaseConfiguration$JpaWebConfiguration : spring.jpa.open-in-view is enabled by default. Therefore, database queries may be performed during view rendering. Explicitly configure spring.jpa.open-in-view to disable this warning
2026-06-30T00:17:10.435-04:00  INFO 212077 --- [libro] [           main] o.s.b.a.e.web.EndpointLinksResolver      : Exposing 1 endpoint beneath base path '/actuator'
2026-06-30T00:17:10.503-04:00  INFO 212077 --- [libro] [           main] o.s.boot.tomcat.TomcatWebServer          : Tomcat started on port 8087 (http) with context path '/'
2026-06-30T00:17:10.519-04:00  INFO 212077 --- [libro] [           main] venta.libro.LibroApplication             : Started LibroApplication in 5.962 seconds (process running for 6.493)
2026-06-30T00:17:29.096-04:00  INFO 212077 --- [libro] [nio-8087-exec-1] o.a.c.c.C.[Tomcat].[localhost].[/]       : Initializing Spring DispatcherServlet 'dispatcherServlet'
2026-06-30T00:17:29.096-04:00  INFO 212077 --- [libro] [nio-8087-exec-1] o.s.web.servlet.DispatcherServlet        : Initializing Servlet 'dispatcherServlet'
2026-06-30T00:17:29.097-04:00  INFO 212077 --- [libro] [nio-8087-exec-1] o.s.web.servlet.DispatcherServlet        : Completed initialization in 1 ms
Exception in thread "SpringApplicationShutdownHook" java.lang.NoClassDefFoundError: ch/qos/logback/classic/spi/ThrowableProxy
	at ch.qos.logback.classic.spi.LoggingEvent.<init>(LoggingEvent.java:145)
	at ch.qos.logback.classic.Logger.buildLoggingEventAndAppend(Logger.java:429)
	at ch.qos.logback.classic.Logger.filterAndLog_0_Or3Plus(Logger.java:388)
	at ch.qos.logback.classic.Logger.log(Logger.java:805)
	at org.apache.commons.logging.impl.Slf4jLogFactory$Slf4jLocationAwareLog.log(Slf4jLogFactory.java:126)
	at org.apache.commons.logging.impl.Slf4jLogFactory$Slf4jLocationAwareLog.warn(Slf4jLogFactory.java:146)
	at org.springframework.context.support.AbstractApplicationContext.doClose(AbstractApplicationContext.java:1202)
	at org.springframework.boot.web.server.servlet.context.ServletWebServerApplicationContext.doClose(ServletWebServerApplicationContext.java:176)
	at org.springframework.context.support.AbstractApplicationContext.close(AbstractApplicationContext.java:1153)
	at org.springframework.boot.SpringApplicationShutdownHook.closeAndWait(SpringApplicationShutdownHook.java:147)
	at java.base/java.lang.Iterable.forEach(Iterable.java:75)
	at org.springframework.boot.SpringApplicationShutdownHook.run(SpringApplicationShutdownHook.java:116)
	at java.base/java.lang.Thread.run(Thread.java:1583)
Caused by: java.lang.ClassNotFoundException: ch.qos.logback.classic.spi.ThrowableProxy
	... 13 more
